     1                                 %line 1+1 ast05.asm
     2                                 
     3                                 
     4                                 
     5                                 
     6                                 
     7                                 
     8                                 
     9                                 
    10                                 
    11                                 
    12                                 
    13                                 [section .data]
    14                                 
    15                                 
    16                                 
    17                                 TRUE equ 1
    18                                 FALSE equ 0
    19                                 
    20                                 EXIT_SUCCESS equ 0
    21                                 SYS_exit equ 60
    22                                 
    23                                 
    24                                 
    25 00000000 0A000E000D00250036-    sides dw 10, 14, 13, 37, 54
    26 00000000 00                 
    27 0000000A 0E001D004000430022-     dw 14, 29, 64, 67, 34
    28 0000000A 00                 
    29 00000014 1F000D0014003D0024-     dw 31, 13, 20, 61, 36
    30 00000014 00                 
    31 0000001E 0E0035002C0013002A-     dw 14, 53, 44, 19, 42
    32 0000001E 00                 
    33 00000028 2C0034001F002A0038-     dw 44, 52, 31, 42, 56
    34 00000028 00                 
    35 00000032 0F00180024004B002E-     dw 15, 24, 36, 75, 46
    36 00000032 00                 
    37 0000003C 1B00290035003E000A-     dw 27, 41, 53, 62, 10
    38 0000003C 00                 
    39 00000046 2100040049001F000F-     dw 33, 4, 73, 31, 15
    40 00000046 00                 
    41 00000050 05000B001600210046-     dw 5, 11, 22, 33, 70
    42 00000050 00                 
    43 0000005A 0F0017000F003F001A-     dw 15, 23, 15, 63, 26
    44 0000005A 00                 
    45 00000064 10000D004000350041-     dw 16, 13, 64, 53, 65
    46 00000064 00                 
    47 0000006E 1A000C003900430022-     dw 26, 12, 57, 67, 34
    48 0000006E 00                 
    49 00000078 180021000A003D000F-     dw 24, 33, 10, 61, 15
    50 00000078 00                 
    51 00000082 260049001D0011005D-     dw 38, 73, 29, 17, 93
    52 00000082 00                 
    53 0000008C 400049004A00170038-     dw 64, 73, 74, 23, 56
    54 0000008C 00                 
    55 00000096 0900080004000A000F-     dw 9, 8, 4, 10, 15
    56 00000096 00                 
    57 000000A0 0D0017003500430023-     dw 13, 23, 53, 67, 35
    58 000000A0 00                 
    59 000000AA 0E0022000D00470051-     dw 14, 34, 13, 71, 81
    60 000000AA 00                 
    61 000000B4 11000E001100190035-     dw 17, 14, 17, 25, 53
    62 000000B4 00                 
    63 000000BE 170049000F0006000D-     dw 23, 73, 15, 6, 13
    64 000000BE 00                 
    65                                 
    66 000000C8 64000000               length dd 100
    67                                 
    68 000000CC 0000                   caMin dw 0
    69 000000CE 0000                   caMid dw 0
    70 000000D0 0000                   caMax dw 0
    71                                 
    72 000000D2 00000000               caSum dd 0
    73                                 
    74 000000D6 0000                   caAve dw 0
    75                                 
    76 000000D8 00000000               cvMin dd 0
    77 000000DC 00000000               cvMid dd 0
    78 000000E0 00000000               cvMax dd 0
    79 000000E4 00000000               cvSum dd 0
    80 000000E8 00000000               cvAve dd 0
    81                                 
    82                                 
    83 000000EC 0600                   dSix dw 6
    84                                 
    85                                 
    86                                 
    87                                 
    88                                 [section .bss]
    89 00000000 <gap>                  cubeAreas resw 100
    90 000000C8 <gap>                  cubeVolumes resd 100
    91                                 
    92                                 
    93                                 
    94                                 
    95                                 [section .text]
    96                                 [global _start]
    97                                 _start:
    98                                 
    99                                 
   100                                 
   101                                 
   102 00000000 8B0C25[00000000]       mov ecx, dword [length]
   103 00000007 48C7C600000000         mov rsi, 0
   104                                 
   105                                 areasLoop:
   106                                 
   107                                 
   108 0000000E 668B8436[00000000]     mov ax, word [sides+rsi*2]
   109 00000016 66F7E0                 mul ax
   110 00000019 66F72425[00000000]     mul word [dSix]
   111 00000021 66898436[00000000]     mov word [cubeAreas+rsi*2], ax
   112                                 
   113 00000029 48FFC6                 inc rsi
   114 0000002C E2DE                   loop areasLoop
   115                                 
   116                                 
   117                                 
   118                                 
   119 0000002E 8B0C25[00000000]       mov ecx, dword [length]
   120 00000035 48C7C600000000         mov rsi, 0
   121                                 
   122                                 volumesLoop:
   123                                 
   124                                 
   125 0000003C 0FB78436[00000000]     movzx eax, word [sides+rsi*2]
   126 00000044 F7E0                   mul eax
   127 00000046 440FB78C36[00000000]     movzx r9d, word [sides+rsi*2]
   128 0000004F 41F7E1                 mul r9d
   129 00000052 8904B5[00000000]       mov dword [cubeVolumes+rsi*4], eax
   130                                 
   131 00000059 48FFC6                 inc rsi
   132 0000005C E2DC                   loop volumesLoop
   133                                 
   134                                 
   135                                 
   136                                 
   137 0000005E 668B0425[00000000]     mov ax, word [cubeAreas]
   138 00000066 66890425[00000000]     mov word [caMin], ax
   139 0000006E 66890425[00000000]     mov word [caMax], ax
   140                                 
   141 00000076 8B0425[00000000]       mov eax, dword [cubeVolumes]
   142 0000007D 890425[00000000]       mov dword [cvMin], eax
   143 00000084 890425[00000000]       mov dword [cvMax], eax
   144                                 
   145 0000008B C70425[00000000]00-    mov dword [caSum], 0
   146 0000008B 000000             
   147 00000096 C70425[00000000]00-    mov dword [cvSum], 0
   148 00000096 000000             
   149                                 
   150 000000A1 8B0C25[00000000]       mov ecx, dword [length]
   151 000000A8 48C7C600000000         mov rsi, 0
   152                                 
   153                                 
   154                                 statsLoop:
   155                                 
   156 000000AF 668B8436[00000000]     mov ax, word [cubeAreas+rsi*2]
   157                                 
   158 000000B7 0FB78436[00000000]     movzx eax, word [cubeAreas+rsi*2]
   159 000000BF 010425[00000000]       add dword [caSum], eax
   160                                 
   161 000000C6 668B8436[00000000]     mov ax, word [cubeAreas+rsi*2]
   162 000000CE 663B0425[00000000]     cmp ax, word [caMin]
   163 000000D6 7306                   jae notNewCaMin
   164 000000D8 66890425[00000000]     mov word [caMin], ax
   165                                 
   166                                 
   167                                 notNewCaMin:
   168 000000E0 663B0425[00000000]     cmp ax, word [caMax]
   169 000000E8 7606                   jbe notNewCaMax
   170 000000EA 66890425[00000000]     mov word [caMax], ax
   171                                 
   172                                 
   173                                 notNewCaMax:
   174 000000F2 8B04B5[00000000]       mov eax, dword [cubeVolumes+rsi*4]
   175 000000F9 010425[00000000]       add dword [cvSum], eax
   176 00000100 3B0425[00000000]       cmp eax, dword [cvMin]
   177 00000107 7305                   jae notNewCvMin
   178 00000109 890425[00000000]       mov dword [cvMin], eax
   179                                 
   180                                 
   181                                 notNewCvMin:
   182 00000110 3B0425[00000000]       cmp eax, dword [cvMax]
   183 00000117 7605                   jbe notNewCvMax
   184 00000119 890425[00000000]       mov dword [cvMax], eax
   185                                 
   186                                 
   187                                 notNewCvMax:
   188 00000120 48FFC6                 inc rsi
   189 00000123 E288                   loop statsLoop
   190                                 
   191                                 
   192 00000125 8B0425[00000000]       mov eax, dword [caSum]
   193 0000012C BA00000000             mov edx, 0
   194 00000131 F73425[00000000]       div dword [length]
   195 00000138 66890425[00000000]     mov word [caAve], ax
   196                                 
   197 00000140 8B0425[00000000]       mov eax, dword [cvSum]
   198 00000147 BA00000000             mov edx, 0
   199 0000014C F73425[00000000]       div dword [length]
   200 00000153 890425[00000000]       mov dword [cvAve], eax
   201                                 
   202                                 
   203 0000015A 8B0425[00000000]       mov eax, dword [length]
   204 00000161 41B802000000           mov r8d, 2
   205 00000167 48C7C200000000         mov rdx, 0
   206 0000016E 41F7F0                 div r8d
   207 00000171 89C6                   mov esi, eax
   208                                 
   209 00000173 678B8436[00000000]     mov eax, dword [cubeAreas+esi*2]
   210 0000017B FFCE                   dec esi
   211 0000017D 67038436[00000000]     add eax, dword [cubeAreas+esi*2]
   212 00000185 BA00000000             mov edx, 0
   213 0000018A 41B802000000           mov r8d, 2
   214 00000190 41F7F0                 div r8d
   215 00000193 66890425[00000000]     mov word[caMid], ax
   216                                 
   217                                 
   218 0000019B 8B0425[00000000]       mov eax, dword [length]
   219 000001A2 41B802000000           mov r8d, 2
   220 000001A8 48C7C200000000         mov rdx, 0
   221 000001AF 41F7F0                 div r8d
   222 000001B2 89C6                   mov esi, eax
   223                                 
   224 000001B4 678B04B5[00000000]     mov eax, dword [cubeVolumes+esi*4]
   225 000001BC FFCE                   dec esi
   226 000001BE 670304B5[00000000]     add eax, dword [cubeVolumes+esi*4]
   227 000001C6 BA00000000             mov edx, 0
   228 000001CB 41B802000000           mov r8d, 2
   229 000001D1 41F7F0                 div r8d
   230 000001D4 890425[00000000]       mov dword[cvMid], eax
   231                                 
   232                                 
   233                                 
   234                                 
   235                                 
   236                                 
   237                                 
   238                                 
   239                                 last:
   240 000001DB 48C7C03C000000          mov rax, SYS_exit
   241 000001E2 48C7C700000000          mov rdi, EXIT_SUCCESS
   242 000001E9 0F05                    syscall
